<?xml version="1.0" encoding="UTF-8"?>
<!-- Generated by org.testng.reporters.JUnitXMLReporter -->
<testsuite ignored="1" hostname="DESKTOP-V1T6O8H" failures="0" tests="6" name="Test" time="0.18" errors="0" timestamp="2022-09-26T17:48:46 IST">
  <testcase classname="maven_ajio.TestNGclass1" name="@BeforeTest launchBrowser" time="-1.664194725665E9">
    <failure type="org.testng.TestNGException" message="
Parameter &amp;apos;browser&amp;apos; is required by BeforeTest on method launchBrowser but has not been marked @Optional or defined
in C:\Users\Abhijeet\eclipse-workspace\Maven_ajio\testng.xml">
      <![CDATA[org.testng.TestNGException: 
Parameter 'browser' is required by BeforeTest on method launchBrowser but has not been marked @Optional or defined
in C:\Users\Abhijeet\eclipse-workspace\Maven_ajio\testng.xml
... Removed 21 stack frames]]>
    </failure>
  </testcase> <!-- @BeforeTest launchBrowser -->
  <testcase classname="maven_ajio.TestNGclass1" name="@BeforeClass createPOMObjects" time="-1.664194725761E9">
    <skipped/>
  </testcase> <!-- @BeforeClass createPOMObjects -->
  <testcase classname="maven_ajio.TestNGclass1" name="@BeforeMethod goToProductpage" time="-1.664194725777E9">
    <skipped/>
  </testcase> <!-- @BeforeMethod goToProductpage -->
  <testcase classname="maven_ajio.TestNGclass1" name="@AfterMethod afterMethod" time="-1.664194725787E9">
    <skipped/>
  </testcase> <!-- @AfterMethod afterMethod -->
  <testcase classname="maven_ajio.TestNGclass1" name="@BeforeMethod goToProductpage" time="-1.664194725799E9">
    <skipped/>
  </testcase> <!-- @BeforeMethod goToProductpage -->
  <testcase classname="maven_ajio.TestNGclass1" name="@AfterMethod afterMethod" time="-1.664194725804E9">
    <skipped/>
  </testcase> <!-- @AfterMethod afterMethod -->
  <testcase classname="maven_ajio.TestNGclass1" name="@BeforeMethod goToProductpage" time="-1.664194725807E9">
    <skipped/>
  </testcase> <!-- @BeforeMethod goToProductpage -->
  <testcase classname="maven_ajio.TestNGclass1" name="@AfterMethod afterMethod" time="-1.664194725813E9">
    <skipped/>
  </testcase> <!-- @AfterMethod afterMethod -->
  <testcase classname="maven_ajio.TestNGclass1" name="@BeforeMethod goToProductpage" time="-1.664194725821E9">
    <skipped/>
  </testcase> <!-- @BeforeMethod goToProductpage -->
  <testcase classname="maven_ajio.TestNGclass1" name="@AfterMethod afterMethod" time="-1.664194725826E9">
    <skipped/>
  </testcase> <!-- @AfterMethod afterMethod -->
  <testcase classname="maven_ajio.TestNGclass1" name="@AfterClass afterClass" time="-1.664194725834E9">
    <skipped/>
  </testcase> <!-- @AfterClass afterClass -->
  <testcase classname="maven_ajio.TestNGclass1" name="@AfterTest closeBrowser" time="-1.664194725836E9">
    <skipped/>
  </testcase> <!-- @AfterTest closeBrowser -->
  <testcase classname="maven_ajio.TestNGclass1" name="test1AjioHomePage" time="0.0">
    <skipped/>
  </testcase> <!-- test1AjioHomePage -->
  <testcase classname="maven_ajio.TestNGclass1" name="hoverToMen" time="0.0">
    <skipped/>
  </testcase> <!-- hoverToMen -->
  <testcase classname="maven_ajio.TestNGclass1" name="selectProductsWithFilters" time="0.0">
    <skipped/>
  </testcase> <!-- selectProductsWithFilters -->
  <testcase classname="maven_ajio.TestNGclass1" name="openProductListingPage" time="0.0">
    <skipped/>
  </testcase> <!-- openProductListingPage -->
  <testcase classname="maven_ajio.TestNGclass1" name="enterPincode" time="0.0">
    <skipped/>
  </testcase> <!-- enterPincode -->
  <testcase classname="maven_ajio.TestNGclass1" name="gotTOBag" time="0.0">
    <skipped/>
  </testcase> <!-- gotTOBag -->
  <testcase classname="maven_ajio.TestNGclass1" name="loginWithFb" time="0.0">
    <ignored/>
  </testcase> <!-- loginWithFb -->
</testsuite> <!-- Test -->
