<?xml version="1.0" encoding="UTF-8"?>
<!-- Generated by org.testng.reporters.JUnitXMLReporter -->
<testsuite ignored="1" hostname="DESKTOP-V1T6O8H" failures="0" tests="6" name="edge(failed)" time="3.255" errors="0" timestamp="2022-09-26T23:16:27 IST">
  <testcase classname="maven_ajio.TestNGclass1" name="@BeforeTest launchBrowser" time="3.134">
    <failure type="org.openqa.selenium.SessionNotCreatedException" message="session not created: No matching capabilities found
Build info: version: &amp;apos;3.141.59&amp;apos;, revision: &amp;apos;e82be7d358&amp;apos;, time: &amp;apos;2018-11-14T08:17:03&amp;apos;
System info: host: &amp;apos;DESKTOP-V1T6O8H&amp;apos;, ip: &amp;apos;192.168.43.244&amp;apos;, os.name: &amp;apos;Windows 10&amp;apos;, os.arch: &amp;apos;amd64&amp;apos;, os.version: &amp;apos;10.0&amp;apos;, java.version: &amp;apos;18.0.1.1&amp;apos;
Driver info: driver.version: EdgeDriver
remote stacktrace: Backtrace:
	Microsoft::Applications::Events::EventProperties::unpack [0x011A17D3+59923]
	Microsoft::Applications::Events::ISemanticContext::SetTicket [0x01098461+712561]
	Microsoft::Applications::Events::ILogConfiguration::operator* [0x00F1B3AE+3662]
	Microsoft::Applications::Events::GUID_t::GUID_t [0x00F5D1C9+195881]
	Microsoft::Applications::Events::GUID_t::GUID_t [0x00F5CA5B+193979]
	Microsoft::Applications::Events::GUID_t::GUID_t [0x00F5E067+199623]
	Microsoft::Applications::Events::GUID_t::GUID_t [0x00F5DBFE+198494]
	Microsoft::Applications::Events::GUID_t::GUID_t [0x00F593D6+180022]
	Microsoft::Applications::Events::GUID_t::GUID_t [0x00F3D0A6+64518]
	Microsoft::Applications::Events::GUID_t::GUID_t [0x00F3DE36+67990]
	Microsoft::Applications::Events::ILogManager::DispatchEventBroadcast [0x013A9745+682213]
	Microsoft::Applications::Events::ILogManager::DispatchEventBroadcast [0x0131BB7C+101660]
	Microsoft::Applications::Events::ILogManager::DispatchEventBroadcast [0x0131B50A+100010]
	Microsoft::Applications::Events::ILogManager::DispatchEventBroadcast [0x0131F25A+115706]
	Microsoft::Applications::Events::ILogManager::DispatchEventBroadcast [0x0131C443+103907]
	Microsoft::Applications::Events::ISemanticContext::SetTicket [0x010AA3DB+786155]
	Microsoft::Applications::Events::ISemanticContext::SetTicket [0x010B5018+830248]
	Microsoft::Applications::Events::ISemanticContext::SetTicket [0x010B51A4+830644]
	Microsoft::Applications::Events::ISemanticContext::SetTicket [0x010C73F4+904964]
	BaseThreadInitThunk [0x75E4FA29+25]
	RtlGetAppContainerNamedObjectPath [0x76EE7B5E+286]
	RtlGetAppContainerNamedObjectPath [0x76EE7B2E+238]
">
      <![CDATA[org.openqa.selenium.SessionNotCreatedException: session not created: No matching capabilities found
Build info: version: '3.141.59', revision: 'e82be7d358', time: '2018-11-14T08:17:03'
System info: host: 'DESKTOP-V1T6O8H', ip: '192.168.43.244', os.name: 'Windows 10', os.arch: 'amd64', os.version: '10.0', java.version: '18.0.1.1'
Driver info: driver.version: EdgeDriver
remote stacktrace: Backtrace:
Microsoft::Applications::Events::EventProperties::unpack [0x011A17D3+59923]
Microsoft::Applications::Events::ISemanticContext::SetTicket [0x01098461+712561]
Microsoft::Applications::Events::ILogConfiguration::operator* [0x00F1B3AE+3662]
Microsoft::Applications::Events::GUID_t::GUID_t [0x00F5D1C9+195881]
Microsoft::Applications::Events::GUID_t::GUID_t [0x00F5CA5B+193979]
Microsoft::Applications::Events::GUID_t::GUID_t [0x00F5E067+199623]
Microsoft::Applications::Events::GUID_t::GUID_t [0x00F5DBFE+198494]
Microsoft::Applications::Events::GUID_t::GUID_t [0x00F593D6+180022]
Microsoft::Applications::Events::GUID_t::GUID_t [0x00F3D0A6+64518]
Microsoft::Applications::Events::GUID_t::GUID_t [0x00F3DE36+67990]
Microsoft::Applications::Events::ILogManager::DispatchEventBroadcast [0x013A9745+682213]
Microsoft::Applications::Events::ILogManager::DispatchEventBroadcast [0x0131BB7C+101660]
Microsoft::Applications::Events::ILogManager::DispatchEventBroadcast [0x0131B50A+100010]
Microsoft::Applications::Events::ILogManager::DispatchEventBroadcast [0x0131F25A+115706]
Microsoft::Applications::Events::ILogManager::DispatchEventBroadcast [0x0131C443+103907]
Microsoft::Applications::Events::ISemanticContext::SetTicket [0x010AA3DB+786155]
Microsoft::Applications::Events::ISemanticContext::SetTicket [0x010B5018+830248]
Microsoft::Applications::Events::ISemanticContext::SetTicket [0x010B51A4+830644]
Microsoft::Applications::Events::ISemanticContext::SetTicket [0x010C73F4+904964]
BaseThreadInitThunk [0x75E4FA29+25]
RtlGetAppContainerNamedObjectPath [0x76EE7B5E+286]
RtlGetAppContainerNamedObjectPath [0x76EE7B2E+238]

at org.openqa.selenium.remote.W3CHandshakeResponse.lambda$errorHandler$0(W3CHandshakeResponse.java:62)
at org.openqa.selenium.remote.HandshakeResponse.lambda$getResponseFunction$0(HandshakeResponse.java:30)
at org.openqa.selenium.remote.ProtocolHandshake.lambda$createSession$0(ProtocolHandshake.java:126)
at java.base/java.util.stream.ReferencePipeline$3$1.accept(ReferencePipeline.java:197)
at java.base/java.util.Spliterators$ArraySpliterator.tryAdvance(Spliterators.java:1002)
at java.base/java.util.stream.ReferencePipeline.forEachWithCancel(ReferencePipeline.java:129)
at java.base/java.util.stream.AbstractPipeline.copyIntoWithCancel(AbstractPipeline.java:527)
at java.base/java.util.stream.AbstractPipeline.copyInto(AbstractPipeline.java:513)
at java.base/java.util.stream.AbstractPipeline.wrapAndCopyInto(AbstractPipeline.java:499)
at java.base/java.util.stream.FindOps$FindOp.evaluateSequential(FindOps.java:150)
at java.base/java.util.stream.AbstractPipeline.evaluate(AbstractPipeline.java:234)
at java.base/java.util.stream.ReferencePipeline.findFirst(ReferencePipeline.java:647)
at org.openqa.selenium.remote.ProtocolHandshake.createSession(ProtocolHandshake.java:128)
at org.openqa.selenium.remote.ProtocolHandshake.createSession(ProtocolHandshake.java:74)
at org.openqa.selenium.remote.HttpCommandExecutor.execute(HttpCommandExecutor.java:136)
at org.openqa.selenium.remote.service.DriverCommandExecutor.execute(DriverCommandExecutor.java:83)
at org.openqa.selenium.remote.RemoteWebDriver.execute(RemoteWebDriver.java:552)
at org.openqa.selenium.remote.RemoteWebDriver.startSession(RemoteWebDriver.java:213)
at org.openqa.selenium.remote.RemoteWebDriver.<init>(RemoteWebDriver.java:131)
at org.openqa.selenium.edge.EdgeDriver.<init>(EdgeDriver.java:154)
at org.openqa.selenium.edge.EdgeDriver.<init>(EdgeDriver.java:120)
at maven_ajio_base.BaseClass.openEdgeBrowser(BaseClass.java:26)
at maven_ajio.TestNGclass1.launchBrowser(TestNGclass1.java:61)
... Removed 25 stack frames]]>
    </failure>
  </testcase> <!-- @BeforeTest launchBrowser -->
  <testcase classname="maven_ajio.TestNGclass1" name="@BeforeClass createPOMObjects" time="-1.664214386853E9">
    <skipped/>
  </testcase> <!-- @BeforeClass createPOMObjects -->
  <testcase classname="maven_ajio.TestNGclass1" name="@BeforeMethod goToProductpage" time="-1.664214386872E9">
    <skipped/>
  </testcase> <!-- @BeforeMethod goToProductpage -->
  <testcase classname="maven_ajio.TestNGclass1" name="@AfterMethod afterMethod" time="-1.664214386887E9">
    <skipped/>
  </testcase> <!-- @AfterMethod afterMethod -->
  <testcase classname="maven_ajio.TestNGclass1" name="@BeforeMethod goToProductpage" time="-1.664214386891E9">
    <skipped/>
  </testcase> <!-- @BeforeMethod goToProductpage -->
  <testcase classname="maven_ajio.TestNGclass1" name="@AfterMethod afterMethod" time="-1.664214386902E9">
    <skipped/>
  </testcase> <!-- @AfterMethod afterMethod -->
  <testcase classname="maven_ajio.TestNGclass1" name="@BeforeMethod goToProductpage" time="-1.664214386906E9">
    <skipped/>
  </testcase> <!-- @BeforeMethod goToProductpage -->
  <testcase classname="maven_ajio.TestNGclass1" name="@AfterMethod afterMethod" time="-1.664214386914E9">
    <skipped/>
  </testcase> <!-- @AfterMethod afterMethod -->
  <testcase classname="maven_ajio.TestNGclass1" name="@BeforeMethod goToProductpage" time="-1.66421438692E9">
    <skipped/>
  </testcase> <!-- @BeforeMethod goToProductpage -->
  <testcase classname="maven_ajio.TestNGclass1" name="@AfterMethod afterMethod" time="-1.664214386931E9">
    <skipped/>
  </testcase> <!-- @AfterMethod afterMethod -->
  <testcase classname="maven_ajio.TestNGclass1" name="@AfterClass afterClass" time="-1.664214386944E9">
    <skipped/>
  </testcase> <!-- @AfterClass afterClass -->
  <testcase classname="maven_ajio.TestNGclass1" name="@AfterTest closeBrowser" time="-1.664214386954E9">
    <skipped/>
  </testcase> <!-- @AfterTest closeBrowser -->
  <testcase classname="maven_ajio.TestNGclass1" name="test1AjioHomePage" time="0.0">
    <skipped/>
  </testcase> <!-- test1AjioHomePage -->
  <testcase classname="maven_ajio.TestNGclass1" name="hoverToMen" time="0.0">
    <skipped/>
  </testcase> <!-- hoverToMen -->
  <testcase classname="maven_ajio.TestNGclass1" name="selectProductsWithFilters" time="0.0">
    <skipped/>
  </testcase> <!-- selectProductsWithFilters -->
  <testcase classname="maven_ajio.TestNGclass1" name="enterPincode" time="0.0">
    <skipped/>
  </testcase> <!-- enterPincode -->
  <testcase classname="maven_ajio.TestNGclass1" name="openProductListingPage" time="0.0">
    <skipped/>
  </testcase> <!-- openProductListingPage -->
  <testcase classname="maven_ajio.TestNGclass1" name="gotTOBag" time="0.0">
    <skipped/>
  </testcase> <!-- gotTOBag -->
  <testcase classname="maven_ajio.TestNGclass1" name="loginWithFb" time="0.0">
    <ignored/>
  </testcase> <!-- loginWithFb -->
</testsuite> <!-- edge(failed) -->
