<html>
<head>
<title>TestNG:  Edgetest</title>
<link href="../testng.css" rel="stylesheet" type="text/css" />
<link href="../my-testng.css" rel="stylesheet" type="text/css" />

<style type="text/css">
.log { display: none;} 
.stack-trace { display: none;} 
</style>
<script type="text/javascript">
<!--
function flip(e) {
  current = e.style.display;
  if (current == 'block') {
    e.style.display = 'none';
    return 0;
  }
  else {
    e.style.display = 'block';
    return 1;
  }
}

function toggleBox(szDivId, elem, msg1, msg2)
{
  var res = -1;  if (document.getElementById) {
    res = flip(document.getElementById(szDivId));
  }
  else if (document.all) {
    // this is the way old msie versions work
    res = flip(document.all[szDivId]);
  }
  if(elem) {
    if(res == 0) elem.innerHTML = msg1; else elem.innerHTML = msg2;
  }

}

function toggleAllBoxes() {
  if (document.getElementsByTagName) {
    d = document.getElementsByTagName('div');
    for (i = 0; i < d.length; i++) {
      if (d[i].className == 'log') {
        flip(d[i]);
      }
    }
  }
}

// -->
</script>

</head>
<body>
<h2 align='center'>Edgetest</h2><table border='1' align="center">
<tr>
<td>Tests passed/Failed/Skipped:</td><td>0/0/5</td>
</tr><tr>
<td>Started on:</td><td>Sun Sep 25 01:59:59 IST 2022</td>
</tr>
<tr><td>Total time:</td><td>17 seconds (17532 ms)</td>
</tr><tr>
<td>Included groups:</td><td></td>
</tr><tr>
<td>Excluded groups:</td><td></td>
</tr>
</table><p/>
<small><i>(Hover the method name to see the test class name)</i></small><p/>
<table width='100%' border='1' class='invocation-failed'>
<tr><td colspan='4' align='center'><b>FAILED CONFIGURATIONS</b></td></tr>
<tr><td><b>Test method</b></td>
<td width="30%"><b>Exception</b></td>
<td width="10%"><b>Time (seconds)</b></td>
<td><b>Instance</b></td>
</tr>
<tr>
<td title='maven_ajio.TestNGclass1.launchBrowser()'><b>launchBrowser</b><br>Test class: maven_ajio.TestNGclass1<br>Parameters: edge</td>
<td><div><pre>org.openqa.selenium.SessionNotCreatedException: session not created: No matching capabilities found
Build info: version: &apos;3.141.59&apos;, revision: &apos;e82be7d358&apos;, time: &apos;2018-11-14T08:17:03&apos;
System info: host: &apos;DESKTOP-V1T6O8H&apos;, ip: &apos;192.168.43.244&apos;, os.name: &apos;Windows 10&apos;, os.arch: &apos;amd64&apos;, os.version: &apos;10.0&apos;, java.version: &apos;18.0.1.1&apos;
Driver info: driver.version: EdgeDriver
remote stacktrace: Backtrace:
	Microsoft::Applications::Events::EventProperties::unpack [0x011A17D3+59923]
	Microsoft::Applications::Events::ISemanticContext::SetTicket [0x01098461+712561]
	Microsoft::Applications::Events::ILogConfiguration::operator* [0x00F1B3AE+3662]
	Microsoft::Applications::Events::GUID_t::GUID_t [0x00F5D1C9+195881]
	Microsoft::Applications::Events::GUID_t::GUID_t [0x00F5CA5B+193979]
	Microsoft::Applications::Events::GUID_t::GUID_t [0x00F5E067+199623]
	Microsoft::Applications::Events::GUID_t::GUID_t [0x00F5DBFE+198494]
	Microsoft::Applications::Events::GUID_t::GUID_t [0x00F593D6+180022]
	Microsoft::Applications::Events::GUID_t::GUID_t [0x00F3D0A6+64518]
	Microsoft::Applications::Events::GUID_t::GUID_t [0x00F3DE36+67990]
	Microsoft::Applications::Events::ILogManager::DispatchEventBroadcast [0x013A9745+682213]
	Microsoft::Applications::Events::ILogManager::DispatchEventBroadcast [0x0131BB7C+101660]
	Microsoft::Applications::Events::ILogManager::DispatchEventBroadcast [0x0131B50A+100010]
	Microsoft::Applications::Events::ILogManager::DispatchEventBroadcast [0x0131F25A+115706]
	Microsoft::Applications::Events::ILogManager::DispatchEventBroadcast [0x0131C443+103907]
	Microsoft::Applications::Events::ISemanticContext::SetTicket [0x010AA3DB+786155]
	Microsoft::Applications::Events::ISemanticContext::SetTicket [0x010B5018+830248]
	Microsoft::Applications::Events::ISemanticContext::SetTicket [0x010B51A4+830644]
	Microsoft::Applications::Events::ISemanticContext::SetTicket [0x010C73F4+904964]
	BaseThreadInitThunk [0x75E4FA29+25]
	RtlGetAppContainerNamedObjectPath [0x76EE7B5E+286]
	RtlGetAppContainerNamedObjectPath [0x76EE7B2E+238]

	at org.openqa.selenium.remote.W3CHandshakeResponse.lambda$errorHandler$0(W3CHandshakeResponse.java:62)
	at org.openqa.selenium.remote.HandshakeResponse.lambda$getResponseFunction$0(HandshakeResponse.java:30)
	at org.openqa.selenium.remote.ProtocolHandshake.lambda$createSession$0(ProtocolHandshake.java:126)
	at java.base/java.util.stream.ReferencePipeline$3$1.accept(ReferencePipeline.java:197)
	at java.base/java.util.Spliterators$ArraySpliterator.tryAdvance(Spliterators.java:1002)
	at java.base/java.util.stream.ReferencePipeline.forEachWithCancel(ReferencePipeline.java:129)
	at java.base/java.util.stream.AbstractPipeline.copyIntoWithCancel(AbstractPipeline.java:527)
	at java.base/java.util.stream.AbstractPipeline.copyInto(AbstractPipeline.java:513)
	at java.base/java.util.stream.AbstractPipeline.wrapAndCopyInto(AbstractPipeline.java:499)
	at java.base/java.util.stream.FindOps$FindOp.evaluateSequential(FindOps.java:150)
	at java.base/java.util.stream.AbstractPipeline.evaluate(AbstractPipeline.java:234)
	at java.base/java.util.stream.ReferencePipeline.findFirst(ReferencePipeline.java:647)
	at org.openqa.selenium.remote.ProtocolHandshake.createSession(ProtocolHandshake.java:128)
	at org.openqa.selenium.remote.ProtocolHandshake.createSession(ProtocolHandshake.java:74)
	at org.openqa.selenium.remote.HttpCommandExecutor.execute(HttpCommandExecutor.java:136)
	at org.openqa.selenium.remote.service.DriverCommandExecutor.execute(DriverCommandExecutor.java:83)
	at org.openqa.selenium.remote.RemoteWebDriver.execute(RemoteWebDriver.java:552)
	at org.openqa.selenium.remote.RemoteWebDriver.startSession(RemoteWebDriver.java:213)
	at org.openqa.selenium.remote.RemoteWebDriver.&lt;init&gt;(RemoteWebDriver.java:131)
	at org.openqa.selenium.edge.EdgeDriver.&lt;init&gt;(EdgeDriver.java:154)
	at org.openqa.selenium.edge.EdgeDriver.&lt;init&gt;(EdgeDriver.java:120)
	at maven_ajio.BaseClass.openEdgeBrowser(BaseClass.java:26)
	at maven_ajio.TestNGclass1.launchBrowser(TestNGclass1.java:52)
... Removed 25 stack frames</pre></div><a href='#' onClick='toggleBox("stack-trace1527007086", this, "Click to show all stack frames", "Click to hide stack frames")'>Click to show all stack frames</a>
<div class='stack-trace' id='stack-trace1527007086'><pre>org.openqa.selenium.SessionNotCreatedException: session not created: No matching capabilities found
Build info: version: &apos;3.141.59&apos;, revision: &apos;e82be7d358&apos;, time: &apos;2018-11-14T08:17:03&apos;
System info: host: &apos;DESKTOP-V1T6O8H&apos;, ip: &apos;192.168.43.244&apos;, os.name: &apos;Windows 10&apos;, os.arch: &apos;amd64&apos;, os.version: &apos;10.0&apos;, java.version: &apos;18.0.1.1&apos;
Driver info: driver.version: EdgeDriver
remote stacktrace: Backtrace:
	Microsoft::Applications::Events::EventProperties::unpack [0x011A17D3+59923]
	Microsoft::Applications::Events::ISemanticContext::SetTicket [0x01098461+712561]
	Microsoft::Applications::Events::ILogConfiguration::operator* [0x00F1B3AE+3662]
	Microsoft::Applications::Events::GUID_t::GUID_t [0x00F5D1C9+195881]
	Microsoft::Applications::Events::GUID_t::GUID_t [0x00F5CA5B+193979]
	Microsoft::Applications::Events::GUID_t::GUID_t [0x00F5E067+199623]
	Microsoft::Applications::Events::GUID_t::GUID_t [0x00F5DBFE+198494]
	Microsoft::Applications::Events::GUID_t::GUID_t [0x00F593D6+180022]
	Microsoft::Applications::Events::GUID_t::GUID_t [0x00F3D0A6+64518]
	Microsoft::Applications::Events::GUID_t::GUID_t [0x00F3DE36+67990]
	Microsoft::Applications::Events::ILogManager::DispatchEventBroadcast [0x013A9745+682213]
	Microsoft::Applications::Events::ILogManager::DispatchEventBroadcast [0x0131BB7C+101660]
	Microsoft::Applications::Events::ILogManager::DispatchEventBroadcast [0x0131B50A+100010]
	Microsoft::Applications::Events::ILogManager::DispatchEventBroadcast [0x0131F25A+115706]
	Microsoft::Applications::Events::ILogManager::DispatchEventBroadcast [0x0131C443+103907]
	Microsoft::Applications::Events::ISemanticContext::SetTicket [0x010AA3DB+786155]
	Microsoft::Applications::Events::ISemanticContext::SetTicket [0x010B5018+830248]
	Microsoft::Applications::Events::ISemanticContext::SetTicket [0x010B51A4+830644]
	Microsoft::Applications::Events::ISemanticContext::SetTicket [0x010C73F4+904964]
	BaseThreadInitThunk [0x75E4FA29+25]
	RtlGetAppContainerNamedObjectPath [0x76EE7B5E+286]
	RtlGetAppContainerNamedObjectPath [0x76EE7B2E+238]

	at java.base/jdk.internal.reflect.DirectConstructorHandleAccessor.newInstance(DirectConstructorHandleAccessor.java:67)
	at java.base/java.lang.reflect.Constructor.newInstanceWithCaller(Constructor.java:499)
	at java.base/java.lang.reflect.Constructor.newInstance(Constructor.java:483)
	at org.openqa.selenium.remote.W3CHandshakeResponse.lambda$errorHandler$0(W3CHandshakeResponse.java:62)
	at org.openqa.selenium.remote.HandshakeResponse.lambda$getResponseFunction$0(HandshakeResponse.java:30)
	at org.openqa.selenium.remote.ProtocolHandshake.lambda$createSession$0(ProtocolHandshake.java:126)
	at java.base/java.util.stream.ReferencePipeline$3$1.accept(ReferencePipeline.java:197)
	at java.base/java.util.Spliterators$ArraySpliterator.tryAdvance(Spliterators.java:1002)
	at java.base/java.util.stream.ReferencePipeline.forEachWithCancel(ReferencePipeline.java:129)
	at java.base/java.util.stream.AbstractPipeline.copyIntoWithCancel(AbstractPipeline.java:527)
	at java.base/java.util.stream.AbstractPipeline.copyInto(AbstractPipeline.java:513)
	at java.base/java.util.stream.AbstractPipeline.wrapAndCopyInto(AbstractPipeline.java:499)
	at java.base/java.util.stream.FindOps$FindOp.evaluateSequential(FindOps.java:150)
	at java.base/java.util.stream.AbstractPipeline.evaluate(AbstractPipeline.java:234)
	at java.base/java.util.stream.ReferencePipeline.findFirst(ReferencePipeline.java:647)
	at org.openqa.selenium.remote.ProtocolHandshake.createSession(ProtocolHandshake.java:128)
	at org.openqa.selenium.remote.ProtocolHandshake.createSession(ProtocolHandshake.java:74)
	at org.openqa.selenium.remote.HttpCommandExecutor.execute(HttpCommandExecutor.java:136)
	at org.openqa.selenium.remote.service.DriverCommandExecutor.execute(DriverCommandExecutor.java:83)
	at org.openqa.selenium.remote.RemoteWebDriver.execute(RemoteWebDriver.java:552)
	at org.openqa.selenium.remote.RemoteWebDriver.startSession(RemoteWebDriver.java:213)
	at org.openqa.selenium.remote.RemoteWebDriver.&lt;init&gt;(RemoteWebDriver.java:131)
	at org.openqa.selenium.edge.EdgeDriver.&lt;init&gt;(EdgeDriver.java:154)
	at org.openqa.selenium.edge.EdgeDriver.&lt;init&gt;(EdgeDriver.java:120)
	at maven_ajio.BaseClass.openEdgeBrowser(BaseClass.java:26)
	at maven_ajio.TestNGclass1.launchBrowser(TestNGclass1.java:52)
	at java.base/jdk.internal.reflect.DirectMethodHandleAccessor.invoke(DirectMethodHandleAccessor.java:104)
	at java.base/java.lang.reflect.Method.invoke(Method.java:577)
	at org.testng.internal.MethodInvocationHelper.invokeMethod(MethodInvocationHelper.java:133)
	at org.testng.internal.MethodInvocationHelper.invokeMethodConsideringTimeout(MethodInvocationHelper.java:62)
	at org.testng.internal.ConfigInvoker.invokeConfigurationMethod(ConfigInvoker.java:385)
	at org.testng.internal.ConfigInvoker.invokeConfigurations(ConfigInvoker.java:321)
	at org.testng.TestRunner.invokeTestConfigurations(TestRunner.java:637)
	at org.testng.TestRunner.beforeRun(TestRunner.java:627)
	at org.testng.TestRunner.run(TestRunner.java:589)
	at org.testng.SuiteRunner.runTest(SuiteRunner.java:377)
	at org.testng.SuiteRunner.runSequentially(SuiteRunner.java:371)
	at org.testng.SuiteRunner.privateRun(SuiteRunner.java:332)
	at org.testng.SuiteRunner.run(SuiteRunner.java:276)
	at org.testng.SuiteRunnerWorker.runSuite(SuiteRunnerWorker.java:53)
	at org.testng.SuiteRunnerWorker.run(SuiteRunnerWorker.java:96)
	at org.testng.TestNG.runSuitesSequentially(TestNG.java:1212)
	at org.testng.TestNG.runSuitesLocally(TestNG.java:1134)
	at org.testng.TestNG.runSuites(TestNG.java:1063)
	at org.testng.TestNG.run(TestNG.java:1031)
	at org.testng.remote.AbstractRemoteTestNG.run(AbstractRemoteTestNG.java:115)
	at org.testng.remote.RemoteTestNG.initAndRun(RemoteTestNG.java:251)
	at org.testng.remote.RemoteTestNG.main(RemoteTestNG.java:77)
</pre></div></td>
<td>17</td>
<td>maven_ajio.TestNGclass1@1283bb96</td></tr>
</table><p>
<table width='100%' border='1' class='invocation-skipped'>
<tr><td colspan='4' align='center'><b>SKIPPED CONFIGURATIONS</b></td></tr>
<tr><td><b>Test method</b></td>
<td width="30%"><b>Exception</b></td>
<td width="10%"><b>Time (seconds)</b></td>
<td><b>Instance</b></td>
</tr>
<tr>
<td title='maven_ajio.TestNGclass1.goToProductpage()'><b>goToProductpage</b><br>Test class: maven_ajio.TestNGclass1</td>
<td></td>
<td>-1664051416</td>
<td>maven_ajio.TestNGclass1@1283bb96</td></tr>
<tr>
<td title='maven_ajio.TestNGclass1.afterMethod()'><b>afterMethod</b><br>Test class: maven_ajio.TestNGclass1</td>
<td></td>
<td>-1664051416</td>
<td>maven_ajio.TestNGclass1@1283bb96</td></tr>
<tr>
<td title='maven_ajio.TestNGclass1.goToProductpage()'><b>goToProductpage</b><br>Test class: maven_ajio.TestNGclass1</td>
<td></td>
<td>-1664051416</td>
<td>maven_ajio.TestNGclass1@1283bb96</td></tr>
<tr>
<td title='maven_ajio.TestNGclass1.createPOMObjects()'><b>createPOMObjects</b><br>Test class: maven_ajio.TestNGclass1</td>
<td></td>
<td>-1664051416</td>
<td>maven_ajio.TestNGclass1@1283bb96</td></tr>
<tr>
<td title='maven_ajio.TestNGclass1.closeBrowser()'><b>closeBrowser</b><br>Test class: maven_ajio.TestNGclass1</td>
<td></td>
<td>-1664051416</td>
<td>maven_ajio.TestNGclass1@1283bb96</td></tr>
<tr>
<td title='maven_ajio.TestNGclass1.afterMethod()'><b>afterMethod</b><br>Test class: maven_ajio.TestNGclass1</td>
<td></td>
<td>-1664051416</td>
<td>maven_ajio.TestNGclass1@1283bb96</td></tr>
<tr>
<td title='maven_ajio.TestNGclass1.afterClass()'><b>afterClass</b><br>Test class: maven_ajio.TestNGclass1</td>
<td></td>
<td>-1664051416</td>
<td>maven_ajio.TestNGclass1@1283bb96</td></tr>
</table><p>
<table width='100%' border='1' class='invocation-skipped'>
<tr><td colspan='4' align='center'><b>SKIPPED TESTS</b></td></tr>
<tr><td><b>Test method</b></td>
<td width="30%"><b>Exception</b></td>
<td width="10%"><b>Time (seconds)</b></td>
<td><b>Instance</b></td>
</tr>
<tr>
<td title='maven_ajio.TestNGclass1.test1AjioHomePage()'><b>test1AjioHomePage</b><br>Test class: maven_ajio.TestNGclass1</td>
<td><div><pre>org.openqa.selenium.SessionNotCreatedException: session not created: No matching capabilities found
Build info: version: &apos;3.141.59&apos;, revision: &apos;e82be7d358&apos;, time: &apos;2018-11-14T08:17:03&apos;
System info: host: &apos;DESKTOP-V1T6O8H&apos;, ip: &apos;192.168.43.244&apos;, os.name: &apos;Windows 10&apos;, os.arch: &apos;amd64&apos;, os.version: &apos;10.0&apos;, java.version: &apos;18.0.1.1&apos;
Driver info: driver.version: EdgeDriver
remote stacktrace: Backtrace:
	Microsoft::Applications::Events::EventProperties::unpack [0x011A17D3+59923]
	Microsoft::Applications::Events::ISemanticContext::SetTicket [0x01098461+712561]
	Microsoft::Applications::Events::ILogConfiguration::operator* [0x00F1B3AE+3662]
	Microsoft::Applications::Events::GUID_t::GUID_t [0x00F5D1C9+195881]
	Microsoft::Applications::Events::GUID_t::GUID_t [0x00F5CA5B+193979]
	Microsoft::Applications::Events::GUID_t::GUID_t [0x00F5E067+199623]
	Microsoft::Applications::Events::GUID_t::GUID_t [0x00F5DBFE+198494]
	Microsoft::Applications::Events::GUID_t::GUID_t [0x00F593D6+180022]
	Microsoft::Applications::Events::GUID_t::GUID_t [0x00F3D0A6+64518]
	Microsoft::Applications::Events::GUID_t::GUID_t [0x00F3DE36+67990]
	Microsoft::Applications::Events::ILogManager::DispatchEventBroadcast [0x013A9745+682213]
	Microsoft::Applications::Events::ILogManager::DispatchEventBroadcast [0x0131BB7C+101660]
	Microsoft::Applications::Events::ILogManager::DispatchEventBroadcast [0x0131B50A+100010]
	Microsoft::Applications::Events::ILogManager::DispatchEventBroadcast [0x0131F25A+115706]
	Microsoft::Applications::Events::ILogManager::DispatchEventBroadcast [0x0131C443+103907]
	Microsoft::Applications::Events::ISemanticContext::SetTicket [0x010AA3DB+786155]
	Microsoft::Applications::Events::ISemanticContext::SetTicket [0x010B5018+830248]
	Microsoft::Applications::Events::ISemanticContext::SetTicket [0x010B51A4+830644]
	Microsoft::Applications::Events::ISemanticContext::SetTicket [0x010C73F4+904964]
	BaseThreadInitThunk [0x75E4FA29+25]
	RtlGetAppContainerNamedObjectPath [0x76EE7B5E+286]
	RtlGetAppContainerNamedObjectPath [0x76EE7B2E+238]

	at org.openqa.selenium.remote.W3CHandshakeResponse.lambda$errorHandler$0(W3CHandshakeResponse.java:62)
	at org.openqa.selenium.remote.HandshakeResponse.lambda$getResponseFunction$0(HandshakeResponse.java:30)
	at org.openqa.selenium.remote.ProtocolHandshake.lambda$createSession$0(ProtocolHandshake.java:126)
	at java.base/java.util.stream.ReferencePipeline$3$1.accept(ReferencePipeline.java:197)
	at java.base/java.util.Spliterators$ArraySpliterator.tryAdvance(Spliterators.java:1002)
	at java.base/java.util.stream.ReferencePipeline.forEachWithCancel(ReferencePipeline.java:129)
	at java.base/java.util.stream.AbstractPipeline.copyIntoWithCancel(AbstractPipeline.java:527)
	at java.base/java.util.stream.AbstractPipeline.copyInto(AbstractPipeline.java:513)
	at java.base/java.util.stream.AbstractPipeline.wrapAndCopyInto(AbstractPipeline.java:499)
	at java.base/java.util.stream.FindOps$FindOp.evaluateSequential(FindOps.java:150)
	at java.base/java.util.stream.AbstractPipeline.evaluate(AbstractPipeline.java:234)
	at java.base/java.util.stream.ReferencePipeline.findFirst(ReferencePipeline.java:647)
	at org.openqa.selenium.remote.ProtocolHandshake.createSession(ProtocolHandshake.java:128)
	at org.openqa.selenium.remote.ProtocolHandshake.createSession(ProtocolHandshake.java:74)
	at org.openqa.selenium.remote.HttpCommandExecutor.execute(HttpCommandExecutor.java:136)
	at org.openqa.selenium.remote.service.DriverCommandExecutor.execute(DriverCommandExecutor.java:83)
	at org.openqa.selenium.remote.RemoteWebDriver.execute(RemoteWebDriver.java:552)
	at org.openqa.selenium.remote.RemoteWebDriver.startSession(RemoteWebDriver.java:213)
	at org.openqa.selenium.remote.RemoteWebDriver.&lt;init&gt;(RemoteWebDriver.java:131)
	at org.openqa.selenium.edge.EdgeDriver.&lt;init&gt;(EdgeDriver.java:154)
	at org.openqa.selenium.edge.EdgeDriver.&lt;init&gt;(EdgeDriver.java:120)
	at maven_ajio.BaseClass.openEdgeBrowser(BaseClass.java:26)
	at maven_ajio.TestNGclass1.launchBrowser(TestNGclass1.java:52)
... Removed 25 stack frames</pre></div><a href='#' onClick='toggleBox("stack-trace1069497087", this, "Click to show all stack frames", "Click to hide stack frames")'>Click to show all stack frames</a>
<div class='stack-trace' id='stack-trace1069497087'><pre>org.openqa.selenium.SessionNotCreatedException: session not created: No matching capabilities found
Build info: version: &apos;3.141.59&apos;, revision: &apos;e82be7d358&apos;, time: &apos;2018-11-14T08:17:03&apos;
System info: host: &apos;DESKTOP-V1T6O8H&apos;, ip: &apos;192.168.43.244&apos;, os.name: &apos;Windows 10&apos;, os.arch: &apos;amd64&apos;, os.version: &apos;10.0&apos;, java.version: &apos;18.0.1.1&apos;
Driver info: driver.version: EdgeDriver
remote stacktrace: Backtrace:
	Microsoft::Applications::Events::EventProperties::unpack [0x011A17D3+59923]
	Microsoft::Applications::Events::ISemanticContext::SetTicket [0x01098461+712561]
	Microsoft::Applications::Events::ILogConfiguration::operator* [0x00F1B3AE+3662]
	Microsoft::Applications::Events::GUID_t::GUID_t [0x00F5D1C9+195881]
	Microsoft::Applications::Events::GUID_t::GUID_t [0x00F5CA5B+193979]
	Microsoft::Applications::Events::GUID_t::GUID_t [0x00F5E067+199623]
	Microsoft::Applications::Events::GUID_t::GUID_t [0x00F5DBFE+198494]
	Microsoft::Applications::Events::GUID_t::GUID_t [0x00F593D6+180022]
	Microsoft::Applications::Events::GUID_t::GUID_t [0x00F3D0A6+64518]
	Microsoft::Applications::Events::GUID_t::GUID_t [0x00F3DE36+67990]
	Microsoft::Applications::Events::ILogManager::DispatchEventBroadcast [0x013A9745+682213]
	Microsoft::Applications::Events::ILogManager::DispatchEventBroadcast [0x0131BB7C+101660]
	Microsoft::Applications::Events::ILogManager::DispatchEventBroadcast [0x0131B50A+100010]
	Microsoft::Applications::Events::ILogManager::DispatchEventBroadcast [0x0131F25A+115706]
	Microsoft::Applications::Events::ILogManager::DispatchEventBroadcast [0x0131C443+103907]
	Microsoft::Applications::Events::ISemanticContext::SetTicket [0x010AA3DB+786155]
	Microsoft::Applications::Events::ISemanticContext::SetTicket [0x010B5018+830248]
	Microsoft::Applications::Events::ISemanticContext::SetTicket [0x010B51A4+830644]
	Microsoft::Applications::Events::ISemanticContext::SetTicket [0x010C73F4+904964]
	BaseThreadInitThunk [0x75E4FA29+25]
	RtlGetAppContainerNamedObjectPath [0x76EE7B5E+286]
	RtlGetAppContainerNamedObjectPath [0x76EE7B2E+238]

	at java.base/jdk.internal.reflect.DirectConstructorHandleAccessor.newInstance(DirectConstructorHandleAccessor.java:67)
	at java.base/java.lang.reflect.Constructor.newInstanceWithCaller(Constructor.java:499)
	at java.base/java.lang.reflect.Constructor.newInstance(Constructor.java:483)
	at org.openqa.selenium.remote.W3CHandshakeResponse.lambda$errorHandler$0(W3CHandshakeResponse.java:62)
	at org.openqa.selenium.remote.HandshakeResponse.lambda$getResponseFunction$0(HandshakeResponse.java:30)
	at org.openqa.selenium.remote.ProtocolHandshake.lambda$createSession$0(ProtocolHandshake.java:126)
	at java.base/java.util.stream.ReferencePipeline$3$1.accept(ReferencePipeline.java:197)
	at java.base/java.util.Spliterators$ArraySpliterator.tryAdvance(Spliterators.java:1002)
	at java.base/java.util.stream.ReferencePipeline.forEachWithCancel(ReferencePipeline.java:129)
	at java.base/java.util.stream.AbstractPipeline.copyIntoWithCancel(AbstractPipeline.java:527)
	at java.base/java.util.stream.AbstractPipeline.copyInto(AbstractPipeline.java:513)
	at java.base/java.util.stream.AbstractPipeline.wrapAndCopyInto(AbstractPipeline.java:499)
	at java.base/java.util.stream.FindOps$FindOp.evaluateSequential(FindOps.java:150)
	at java.base/java.util.stream.AbstractPipeline.evaluate(AbstractPipeline.java:234)
	at java.base/java.util.stream.ReferencePipeline.findFirst(ReferencePipeline.java:647)
	at org.openqa.selenium.remote.ProtocolHandshake.createSession(ProtocolHandshake.java:128)
	at org.openqa.selenium.remote.ProtocolHandshake.createSession(ProtocolHandshake.java:74)
	at org.openqa.selenium.remote.HttpCommandExecutor.execute(HttpCommandExecutor.java:136)
	at org.openqa.selenium.remote.service.DriverCommandExecutor.execute(DriverCommandExecutor.java:83)
	at org.openqa.selenium.remote.RemoteWebDriver.execute(RemoteWebDriver.java:552)
	at org.openqa.selenium.remote.RemoteWebDriver.startSession(RemoteWebDriver.java:213)
	at org.openqa.selenium.remote.RemoteWebDriver.&lt;init&gt;(RemoteWebDriver.java:131)
	at org.openqa.selenium.edge.EdgeDriver.&lt;init&gt;(EdgeDriver.java:154)
	at org.openqa.selenium.edge.EdgeDriver.&lt;init&gt;(EdgeDriver.java:120)
	at maven_ajio.BaseClass.openEdgeBrowser(BaseClass.java:26)
	at maven_ajio.TestNGclass1.launchBrowser(TestNGclass1.java:52)
	at java.base/jdk.internal.reflect.DirectMethodHandleAccessor.invoke(DirectMethodHandleAccessor.java:104)
	at java.base/java.lang.reflect.Method.invoke(Method.java:577)
	at org.testng.internal.MethodInvocationHelper.invokeMethod(MethodInvocationHelper.java:133)
	at org.testng.internal.MethodInvocationHelper.invokeMethodConsideringTimeout(MethodInvocationHelper.java:62)
	at org.testng.internal.ConfigInvoker.invokeConfigurationMethod(ConfigInvoker.java:385)
	at org.testng.internal.ConfigInvoker.invokeConfigurations(ConfigInvoker.java:321)
	at org.testng.TestRunner.invokeTestConfigurations(TestRunner.java:637)
	at org.testng.TestRunner.beforeRun(TestRunner.java:627)
	at org.testng.TestRunner.run(TestRunner.java:589)
	at org.testng.SuiteRunner.runTest(SuiteRunner.java:377)
	at org.testng.SuiteRunner.runSequentially(SuiteRunner.java:371)
	at org.testng.SuiteRunner.privateRun(SuiteRunner.java:332)
	at org.testng.SuiteRunner.run(SuiteRunner.java:276)
	at org.testng.SuiteRunnerWorker.runSuite(SuiteRunnerWorker.java:53)
	at org.testng.SuiteRunnerWorker.run(SuiteRunnerWorker.java:96)
	at org.testng.TestNG.runSuitesSequentially(TestNG.java:1212)
	at org.testng.TestNG.runSuitesLocally(TestNG.java:1134)
	at org.testng.TestNG.runSuites(TestNG.java:1063)
	at org.testng.TestNG.run(TestNG.java:1031)
	at org.testng.remote.AbstractRemoteTestNG.run(AbstractRemoteTestNG.java:115)
	at org.testng.remote.RemoteTestNG.initAndRun(RemoteTestNG.java:251)
	at org.testng.remote.RemoteTestNG.main(RemoteTestNG.java:77)
</pre></div></td>
<td>0</td>
<td>maven_ajio.TestNGclass1@1283bb96</td></tr>
<tr>
<td title='maven_ajio.TestNGclass1.enterPincode()'><b>enterPincode</b><br>Test class: maven_ajio.TestNGclass1</td>
<td><div><pre>java.lang.Throwable: Method TestNGclass1.enterPincode()[pri:5, instance:maven_ajio.TestNGclass1@1283bb96] depends on not successfully finished methods
	at java.base/java.util.concurrent.ThreadPoolExecutor.runWorker(ThreadPoolExecutor.java:1136)
	at java.base/java.util.concurrent.ThreadPoolExecutor$Worker.run(ThreadPoolExecutor.java:635)
	at java.base/java.lang.Thread.run(Thread.java:833)
... Removed 3 stack frames</pre></div><a href='#' onClick='toggleBox("stack-trace574652321", this, "Click to show all stack frames", "Click to hide stack frames")'>Click to show all stack frames</a>
<div class='stack-trace' id='stack-trace574652321'><pre>java.lang.Throwable: Method TestNGclass1.enterPincode()[pri:5, instance:maven_ajio.TestNGclass1@1283bb96] depends on not successfully finished methods
	at org.testng.internal.TestInvoker.invokeTestMethods(TestInvoker.java:102)
	at org.testng.internal.TestMethodWorker.invokeTestMethods(TestMethodWorker.java:146)
	at org.testng.internal.TestMethodWorker.run(TestMethodWorker.java:128)
	at java.base/java.util.concurrent.ThreadPoolExecutor.runWorker(ThreadPoolExecutor.java:1136)
	at java.base/java.util.concurrent.ThreadPoolExecutor$Worker.run(ThreadPoolExecutor.java:635)
	at java.base/java.lang.Thread.run(Thread.java:833)
</pre></div></td>
<td>0</td>
<td>maven_ajio.TestNGclass1@1283bb96</td></tr>
<tr>
<td title='maven_ajio.TestNGclass1.selectProductsWithFilters()'><b>selectProductsWithFilters</b><br>Test class: maven_ajio.TestNGclass1</td>
<td><div><pre>org.openqa.selenium.SessionNotCreatedException: session not created: No matching capabilities found
Build info: version: &apos;3.141.59&apos;, revision: &apos;e82be7d358&apos;, time: &apos;2018-11-14T08:17:03&apos;
System info: host: &apos;DESKTOP-V1T6O8H&apos;, ip: &apos;192.168.43.244&apos;, os.name: &apos;Windows 10&apos;, os.arch: &apos;amd64&apos;, os.version: &apos;10.0&apos;, java.version: &apos;18.0.1.1&apos;
Driver info: driver.version: EdgeDriver
remote stacktrace: Backtrace:
	Microsoft::Applications::Events::EventProperties::unpack [0x011A17D3+59923]
	Microsoft::Applications::Events::ISemanticContext::SetTicket [0x01098461+712561]
	Microsoft::Applications::Events::ILogConfiguration::operator* [0x00F1B3AE+3662]
	Microsoft::Applications::Events::GUID_t::GUID_t [0x00F5D1C9+195881]
	Microsoft::Applications::Events::GUID_t::GUID_t [0x00F5CA5B+193979]
	Microsoft::Applications::Events::GUID_t::GUID_t [0x00F5E067+199623]
	Microsoft::Applications::Events::GUID_t::GUID_t [0x00F5DBFE+198494]
	Microsoft::Applications::Events::GUID_t::GUID_t [0x00F593D6+180022]
	Microsoft::Applications::Events::GUID_t::GUID_t [0x00F3D0A6+64518]
	Microsoft::Applications::Events::GUID_t::GUID_t [0x00F3DE36+67990]
	Microsoft::Applications::Events::ILogManager::DispatchEventBroadcast [0x013A9745+682213]
	Microsoft::Applications::Events::ILogManager::DispatchEventBroadcast [0x0131BB7C+101660]
	Microsoft::Applications::Events::ILogManager::DispatchEventBroadcast [0x0131B50A+100010]
	Microsoft::Applications::Events::ILogManager::DispatchEventBroadcast [0x0131F25A+115706]
	Microsoft::Applications::Events::ILogManager::DispatchEventBroadcast [0x0131C443+103907]
	Microsoft::Applications::Events::ISemanticContext::SetTicket [0x010AA3DB+786155]
	Microsoft::Applications::Events::ISemanticContext::SetTicket [0x010B5018+830248]
	Microsoft::Applications::Events::ISemanticContext::SetTicket [0x010B51A4+830644]
	Microsoft::Applications::Events::ISemanticContext::SetTicket [0x010C73F4+904964]
	BaseThreadInitThunk [0x75E4FA29+25]
	RtlGetAppContainerNamedObjectPath [0x76EE7B5E+286]
	RtlGetAppContainerNamedObjectPath [0x76EE7B2E+238]

	at org.openqa.selenium.remote.W3CHandshakeResponse.lambda$errorHandler$0(W3CHandshakeResponse.java:62)
	at org.openqa.selenium.remote.HandshakeResponse.lambda$getResponseFunction$0(HandshakeResponse.java:30)
	at org.openqa.selenium.remote.ProtocolHandshake.lambda$createSession$0(ProtocolHandshake.java:126)
	at java.base/java.util.stream.ReferencePipeline$3$1.accept(ReferencePipeline.java:197)
	at java.base/java.util.Spliterators$ArraySpliterator.tryAdvance(Spliterators.java:1002)
	at java.base/java.util.stream.ReferencePipeline.forEachWithCancel(ReferencePipeline.java:129)
	at java.base/java.util.stream.AbstractPipeline.copyIntoWithCancel(AbstractPipeline.java:527)
	at java.base/java.util.stream.AbstractPipeline.copyInto(AbstractPipeline.java:513)
	at java.base/java.util.stream.AbstractPipeline.wrapAndCopyInto(AbstractPipeline.java:499)
	at java.base/java.util.stream.FindOps$FindOp.evaluateSequential(FindOps.java:150)
	at java.base/java.util.stream.AbstractPipeline.evaluate(AbstractPipeline.java:234)
	at java.base/java.util.stream.ReferencePipeline.findFirst(ReferencePipeline.java:647)
	at org.openqa.selenium.remote.ProtocolHandshake.createSession(ProtocolHandshake.java:128)
	at org.openqa.selenium.remote.ProtocolHandshake.createSession(ProtocolHandshake.java:74)
	at org.openqa.selenium.remote.HttpCommandExecutor.execute(HttpCommandExecutor.java:136)
	at org.openqa.selenium.remote.service.DriverCommandExecutor.execute(DriverCommandExecutor.java:83)
	at org.openqa.selenium.remote.RemoteWebDriver.execute(RemoteWebDriver.java:552)
	at org.openqa.selenium.remote.RemoteWebDriver.startSession(RemoteWebDriver.java:213)
	at org.openqa.selenium.remote.RemoteWebDriver.&lt;init&gt;(RemoteWebDriver.java:131)
	at org.openqa.selenium.edge.EdgeDriver.&lt;init&gt;(EdgeDriver.java:154)
	at org.openqa.selenium.edge.EdgeDriver.&lt;init&gt;(EdgeDriver.java:120)
	at maven_ajio.BaseClass.openEdgeBrowser(BaseClass.java:26)
	at maven_ajio.TestNGclass1.launchBrowser(TestNGclass1.java:52)
... Removed 25 stack frames</pre></div><a href='#' onClick='toggleBox("stack-trace2103428215", this, "Click to show all stack frames", "Click to hide stack frames")'>Click to show all stack frames</a>
<div class='stack-trace' id='stack-trace2103428215'><pre>org.openqa.selenium.SessionNotCreatedException: session not created: No matching capabilities found
Build info: version: &apos;3.141.59&apos;, revision: &apos;e82be7d358&apos;, time: &apos;2018-11-14T08:17:03&apos;
System info: host: &apos;DESKTOP-V1T6O8H&apos;, ip: &apos;192.168.43.244&apos;, os.name: &apos;Windows 10&apos;, os.arch: &apos;amd64&apos;, os.version: &apos;10.0&apos;, java.version: &apos;18.0.1.1&apos;
Driver info: driver.version: EdgeDriver
remote stacktrace: Backtrace:
	Microsoft::Applications::Events::EventProperties::unpack [0x011A17D3+59923]
	Microsoft::Applications::Events::ISemanticContext::SetTicket [0x01098461+712561]
	Microsoft::Applications::Events::ILogConfiguration::operator* [0x00F1B3AE+3662]
	Microsoft::Applications::Events::GUID_t::GUID_t [0x00F5D1C9+195881]
	Microsoft::Applications::Events::GUID_t::GUID_t [0x00F5CA5B+193979]
	Microsoft::Applications::Events::GUID_t::GUID_t [0x00F5E067+199623]
	Microsoft::Applications::Events::GUID_t::GUID_t [0x00F5DBFE+198494]
	Microsoft::Applications::Events::GUID_t::GUID_t [0x00F593D6+180022]
	Microsoft::Applications::Events::GUID_t::GUID_t [0x00F3D0A6+64518]
	Microsoft::Applications::Events::GUID_t::GUID_t [0x00F3DE36+67990]
	Microsoft::Applications::Events::ILogManager::DispatchEventBroadcast [0x013A9745+682213]
	Microsoft::Applications::Events::ILogManager::DispatchEventBroadcast [0x0131BB7C+101660]
	Microsoft::Applications::Events::ILogManager::DispatchEventBroadcast [0x0131B50A+100010]
	Microsoft::Applications::Events::ILogManager::DispatchEventBroadcast [0x0131F25A+115706]
	Microsoft::Applications::Events::ILogManager::DispatchEventBroadcast [0x0131C443+103907]
	Microsoft::Applications::Events::ISemanticContext::SetTicket [0x010AA3DB+786155]
	Microsoft::Applications::Events::ISemanticContext::SetTicket [0x010B5018+830248]
	Microsoft::Applications::Events::ISemanticContext::SetTicket [0x010B51A4+830644]
	Microsoft::Applications::Events::ISemanticContext::SetTicket [0x010C73F4+904964]
	BaseThreadInitThunk [0x75E4FA29+25]
	RtlGetAppContainerNamedObjectPath [0x76EE7B5E+286]
	RtlGetAppContainerNamedObjectPath [0x76EE7B2E+238]

	at java.base/jdk.internal.reflect.DirectConstructorHandleAccessor.newInstance(DirectConstructorHandleAccessor.java:67)
	at java.base/java.lang.reflect.Constructor.newInstanceWithCaller(Constructor.java:499)
	at java.base/java.lang.reflect.Constructor.newInstance(Constructor.java:483)
	at org.openqa.selenium.remote.W3CHandshakeResponse.lambda$errorHandler$0(W3CHandshakeResponse.java:62)
	at org.openqa.selenium.remote.HandshakeResponse.lambda$getResponseFunction$0(HandshakeResponse.java:30)
	at org.openqa.selenium.remote.ProtocolHandshake.lambda$createSession$0(ProtocolHandshake.java:126)
	at java.base/java.util.stream.ReferencePipeline$3$1.accept(ReferencePipeline.java:197)
	at java.base/java.util.Spliterators$ArraySpliterator.tryAdvance(Spliterators.java:1002)
	at java.base/java.util.stream.ReferencePipeline.forEachWithCancel(ReferencePipeline.java:129)
	at java.base/java.util.stream.AbstractPipeline.copyIntoWithCancel(AbstractPipeline.java:527)
	at java.base/java.util.stream.AbstractPipeline.copyInto(AbstractPipeline.java:513)
	at java.base/java.util.stream.AbstractPipeline.wrapAndCopyInto(AbstractPipeline.java:499)
	at java.base/java.util.stream.FindOps$FindOp.evaluateSequential(FindOps.java:150)
	at java.base/java.util.stream.AbstractPipeline.evaluate(AbstractPipeline.java:234)
	at java.base/java.util.stream.ReferencePipeline.findFirst(ReferencePipeline.java:647)
	at org.openqa.selenium.remote.ProtocolHandshake.createSession(ProtocolHandshake.java:128)
	at org.openqa.selenium.remote.ProtocolHandshake.createSession(ProtocolHandshake.java:74)
	at org.openqa.selenium.remote.HttpCommandExecutor.execute(HttpCommandExecutor.java:136)
	at org.openqa.selenium.remote.service.DriverCommandExecutor.execute(DriverCommandExecutor.java:83)
	at org.openqa.selenium.remote.RemoteWebDriver.execute(RemoteWebDriver.java:552)
	at org.openqa.selenium.remote.RemoteWebDriver.startSession(RemoteWebDriver.java:213)
	at org.openqa.selenium.remote.RemoteWebDriver.&lt;init&gt;(RemoteWebDriver.java:131)
	at org.openqa.selenium.edge.EdgeDriver.&lt;init&gt;(EdgeDriver.java:154)
	at org.openqa.selenium.edge.EdgeDriver.&lt;init&gt;(EdgeDriver.java:120)
	at maven_ajio.BaseClass.openEdgeBrowser(BaseClass.java:26)
	at maven_ajio.TestNGclass1.launchBrowser(TestNGclass1.java:52)
	at java.base/jdk.internal.reflect.DirectMethodHandleAccessor.invoke(DirectMethodHandleAccessor.java:104)
	at java.base/java.lang.reflect.Method.invoke(Method.java:577)
	at org.testng.internal.MethodInvocationHelper.invokeMethod(MethodInvocationHelper.java:133)
	at org.testng.internal.MethodInvocationHelper.invokeMethodConsideringTimeout(MethodInvocationHelper.java:62)
	at org.testng.internal.ConfigInvoker.invokeConfigurationMethod(ConfigInvoker.java:385)
	at org.testng.internal.ConfigInvoker.invokeConfigurations(ConfigInvoker.java:321)
	at org.testng.TestRunner.invokeTestConfigurations(TestRunner.java:637)
	at org.testng.TestRunner.beforeRun(TestRunner.java:627)
	at org.testng.TestRunner.run(TestRunner.java:589)
	at org.testng.SuiteRunner.runTest(SuiteRunner.java:377)
	at org.testng.SuiteRunner.runSequentially(SuiteRunner.java:371)
	at org.testng.SuiteRunner.privateRun(SuiteRunner.java:332)
	at org.testng.SuiteRunner.run(SuiteRunner.java:276)
	at org.testng.SuiteRunnerWorker.runSuite(SuiteRunnerWorker.java:53)
	at org.testng.SuiteRunnerWorker.run(SuiteRunnerWorker.java:96)
	at org.testng.TestNG.runSuitesSequentially(TestNG.java:1212)
	at org.testng.TestNG.runSuitesLocally(TestNG.java:1134)
	at org.testng.TestNG.runSuites(TestNG.java:1063)
	at org.testng.TestNG.run(TestNG.java:1031)
	at org.testng.remote.AbstractRemoteTestNG.run(AbstractRemoteTestNG.java:115)
	at org.testng.remote.RemoteTestNG.initAndRun(RemoteTestNG.java:251)
	at org.testng.remote.RemoteTestNG.main(RemoteTestNG.java:77)
</pre></div></td>
<td>0</td>
<td>maven_ajio.TestNGclass1@1283bb96</td></tr>
<tr>
<td title='maven_ajio.TestNGclass1.openProductListingPage()'><b>openProductListingPage</b><br>Test class: maven_ajio.TestNGclass1</td>
<td><div><pre>java.lang.Throwable: Method TestNGclass1.openProductListingPage()[pri:4, instance:maven_ajio.TestNGclass1@1283bb96] depends on not successfully finished methods
	at java.base/java.util.concurrent.ThreadPoolExecutor.runWorker(ThreadPoolExecutor.java:1136)
	at java.base/java.util.concurrent.ThreadPoolExecutor$Worker.run(ThreadPoolExecutor.java:635)
	at java.base/java.lang.Thread.run(Thread.java:833)
... Removed 3 stack frames</pre></div><a href='#' onClick='toggleBox("stack-trace839278060", this, "Click to show all stack frames", "Click to hide stack frames")'>Click to show all stack frames</a>
<div class='stack-trace' id='stack-trace839278060'><pre>java.lang.Throwable: Method TestNGclass1.openProductListingPage()[pri:4, instance:maven_ajio.TestNGclass1@1283bb96] depends on not successfully finished methods
	at org.testng.internal.TestInvoker.invokeTestMethods(TestInvoker.java:102)
	at org.testng.internal.TestMethodWorker.invokeTestMethods(TestMethodWorker.java:146)
	at org.testng.internal.TestMethodWorker.run(TestMethodWorker.java:128)
	at java.base/java.util.concurrent.ThreadPoolExecutor.runWorker(ThreadPoolExecutor.java:1136)
	at java.base/java.util.concurrent.ThreadPoolExecutor$Worker.run(ThreadPoolExecutor.java:635)
	at java.base/java.lang.Thread.run(Thread.java:833)
</pre></div></td>
<td>0</td>
<td>maven_ajio.TestNGclass1@1283bb96</td></tr>
<tr>
<td title='maven_ajio.TestNGclass1.gotTOBag()'><b>gotTOBag</b><br>Test class: maven_ajio.TestNGclass1</td>
<td><div><pre>java.lang.Throwable: Method TestNGclass1.gotTOBag()[pri:6, instance:maven_ajio.TestNGclass1@1283bb96] depends on not successfully finished methods
	at java.base/java.util.concurrent.ThreadPoolExecutor.runWorker(ThreadPoolExecutor.java:1136)
	at java.base/java.util.concurrent.ThreadPoolExecutor$Worker.run(ThreadPoolExecutor.java:635)
	at java.base/java.lang.Thread.run(Thread.java:833)
... Removed 3 stack frames</pre></div><a href='#' onClick='toggleBox("stack-trace1546380246", this, "Click to show all stack frames", "Click to hide stack frames")'>Click to show all stack frames</a>
<div class='stack-trace' id='stack-trace1546380246'><pre>java.lang.Throwable: Method TestNGclass1.gotTOBag()[pri:6, instance:maven_ajio.TestNGclass1@1283bb96] depends on not successfully finished methods
	at org.testng.internal.TestInvoker.invokeTestMethods(TestInvoker.java:102)
	at org.testng.internal.TestMethodWorker.invokeTestMethods(TestMethodWorker.java:146)
	at org.testng.internal.TestMethodWorker.run(TestMethodWorker.java:128)
	at java.base/java.util.concurrent.ThreadPoolExecutor.runWorker(ThreadPoolExecutor.java:1136)
	at java.base/java.util.concurrent.ThreadPoolExecutor$Worker.run(ThreadPoolExecutor.java:635)
	at java.base/java.lang.Thread.run(Thread.java:833)
</pre></div></td>
<td>0</td>
<td>maven_ajio.TestNGclass1@1283bb96</td></tr>
</table><p>
</body>
</html>