<?xml version="1.0" encoding="UTF-8"?>
<!-- Generated by org.testng.reporters.JUnitXMLReporter -->
<testsuite ignored="0" hostname="DESKTOP-V1T6O8H" failures="0" tests="7" name="test" time="1.983" errors="0" timestamp="2022-09-25T01:04:14 IST">
  <testcase classname="maven_ajio.TestNGclass1" name="@BeforeTest launchBrowser" time="-1.664048050023E9">
    <failure type="org.testng.TestNGException" message="
Parameter &amp;apos;browser&amp;apos; is required by BeforeTest on method launchBrowser but has not been marked @Optional or defined
in C:\Users\Abhijeet\eclipse-workspace\Maven_ajio\regression.xml">
      <![CDATA[org.testng.TestNGException: 
Parameter 'browser' is required by BeforeTest on method launchBrowser but has not been marked @Optional or defined
in C:\Users\Abhijeet\eclipse-workspace\Maven_ajio\regression.xml
... Removed 21 stack frames]]>
    </failure>
  </testcase> <!-- @BeforeTest launchBrowser -->
  <testcase classname="maven_ajio.TestNGclass1" name="@BeforeClass createPOMObjects" time="-1.664048051774E9">
    <skipped/>
  </testcase> <!-- @BeforeClass createPOMObjects -->
  <testcase classname="maven_ajio.TestNGclass1" name="@BeforeMethod goToProductpage" time="-1.664048051784E9">
    <skipped/>
  </testcase> <!-- @BeforeMethod goToProductpage -->
  <testcase classname="maven_ajio.TestNGclass1" name="@AfterMethod afterMethod" time="-1.664048051804E9">
    <skipped/>
  </testcase> <!-- @AfterMethod afterMethod -->
  <testcase classname="maven_ajio.TestNGclass1" name="@BeforeMethod goToProductpage" time="-1.664048051812E9">
    <skipped/>
  </testcase> <!-- @BeforeMethod goToProductpage -->
  <testcase classname="maven_ajio.TestNGclass1" name="@AfterMethod afterMethod" time="-1.664048051836E9">
    <skipped/>
  </testcase> <!-- @AfterMethod afterMethod -->
  <testcase classname="maven_ajio.TestNGclass1" name="@BeforeMethod goToProductpage" time="-1.664048051862E9">
    <skipped/>
  </testcase> <!-- @BeforeMethod goToProductpage -->
  <testcase classname="maven_ajio.TestNGclass1" name="@AfterMethod afterMethod" time="-1.664048051884E9">
    <skipped/>
  </testcase> <!-- @AfterMethod afterMethod -->
  <testcase classname="maven_ajio.TestNGclass1" name="@AfterClass afterClass" time="-1.664048051978E9">
    <skipped/>
  </testcase> <!-- @AfterClass afterClass -->
  <testcase classname="maven_ajio.TestNGclass1" name="@AfterTest closeBrowser" time="-1.664048051985E9">
    <skipped/>
  </testcase> <!-- @AfterTest closeBrowser -->
  <testcase classname="maven_ajio.NewTest" name="f" time="0.0">
    <skipped/>
  </testcase> <!-- f -->
  <testcase classname="maven_ajio.TestNGclass1" name="loginWithFb" time="0.0">
    <skipped/>
  </testcase> <!-- loginWithFb -->
  <testcase classname="maven_ajio.TestNGclass1" name="test1AjioHomePage" time="0.0">
    <skipped/>
  </testcase> <!-- test1AjioHomePage -->
  <testcase classname="maven_ajio.TestNGclass1" name="selectProductsWithFilters" time="0.0">
    <skipped/>
  </testcase> <!-- selectProductsWithFilters -->
  <testcase classname="maven_ajio.TestNGclass1" name="openProductListingPage" time="0.0">
    <skipped/>
  </testcase> <!-- openProductListingPage -->
  <testcase classname="maven_ajio.TestNGclass1" name="enterPincode" time="0.0">
    <skipped/>
  </testcase> <!-- enterPincode -->
  <testcase classname="maven_ajio.TestNGclass1" name="gotTOBag" time="0.0">
    <skipped/>
  </testcase> <!-- gotTOBag -->
</testsuite> <!-- test -->
