<?xml version="1.0" encoding="UTF-8"?>
<!-- Generated by org.testng.reporters.JUnitReportReporter -->
<testsuite hostname="DESKTOP-V1T6O8H" failures="0" tests="16" name="maven_ajio.TestNGclass1" time="28.454" errors="2" timestamp="2022-10-10T11:28:15 IST" skipped="14">
  <testcase classname="maven_ajio.TestNGclass1" name="createPOMObjects" time="28.348">
    <error message="unknown error: net::ERR_INTERNET_DISCONNECTED
  (Session info: MicrosoftEdge=106.0.1370.37)
Build info: version: &#039;4.3.0&#039;, revision: &#039;a4995e2c09*&#039;
System info: host: &#039;DESKTOP-V1T6O8H&#039;, ip: &#039;127.0.0.1&#039;, os.name: &#039;Windows 10&#039;, os.arch: &#039;amd64&#039;, os.version: &#039;10.0&#039;, java.version: &#039;18.0.1.1&#039;
Driver info: org.openqa.selenium.edge.EdgeDriver
Command: [abd302c21587344c9ab95aed60deed69, get {url=https://www.ajio.com/}]
Capabilities {acceptInsecureCerts: false, browserName: msedge, browserVersion: 106.0.1370.37, ms:edgeOptions: {debuggerAddress: localhost:63043}, msedge: {msedgedriverVersion: 105.0.1343.50 (1aa39c6858bf..., userDataDir: C:\Users\Abhijeet\AppData\L...}, networkConnectionEnabled: false, pageLoadStrategy: normal, platformName: WINDOWS, proxy: Proxy(), se:cdp: ws://localhost:63043/devtoo..., se:cdpVersion: 106.0.1370.37, setWindowRect: true, strictFileInteractability: false, timeouts: {implicit: 0, pageLoad: 300000, script: 30000}, unhandledPromptBehavior: dismiss and notify, webauthn:extension:credBlob: true, webauthn:extension:largeBlob: true, webauthn:virtualAuthenticators: true}
Session ID: abd302c21587344c9ab95aed60deed69" type="org.openqa.selenium.WebDriverException">
      <![CDATA[org.openqa.selenium.WebDriverException: unknown error: net::ERR_INTERNET_DISCONNECTED
  (Session info: MicrosoftEdge=106.0.1370.37)
Build info: version: '4.3.0', revision: 'a4995e2c09*'
System info: host: 'DESKTOP-V1T6O8H', ip: '127.0.0.1', os.name: 'Windows 10', os.arch: 'amd64', os.version: '10.0', java.version: '18.0.1.1'
Driver info: org.openqa.selenium.edge.EdgeDriver
Command: [abd302c21587344c9ab95aed60deed69, get {url=https://www.ajio.com/}]
Capabilities {acceptInsecureCerts: false, browserName: msedge, browserVersion: 106.0.1370.37, ms:edgeOptions: {debuggerAddress: localhost:63043}, msedge: {msedgedriverVersion: 105.0.1343.50 (1aa39c6858bf..., userDataDir: C:\Users\Abhijeet\AppData\L...}, networkConnectionEnabled: false, pageLoadStrategy: normal, platformName: WINDOWS, proxy: Proxy(), se:cdp: ws://localhost:63043/devtoo..., se:cdpVersion: 106.0.1370.37, setWindowRect: true, strictFileInteractability: false, timeouts: {implicit: 0, pageLoad: 300000, script: 30000}, unhandledPromptBehavior: dismiss and notify, webauthn:extension:credBlob: true, webauthn:extension:largeBlob: true, webauthn:virtualAuthenticators: true}
Session ID: abd302c21587344c9ab95aed60deed69
at java.base/jdk.internal.reflect.DirectConstructorHandleAccessor.newInstance(DirectConstructorHandleAccessor.java:67)
at java.base/java.lang.reflect.Constructor.newInstanceWithCaller(Constructor.java:499)
at java.base/java.lang.reflect.Constructor.newInstance(Constructor.java:483)
at org.openqa.selenium.remote.codec.w3c.W3CHttpResponseCodec.createException(W3CHttpResponseCodec.java:200)
at org.openqa.selenium.remote.codec.w3c.W3CHttpResponseCodec.decode(W3CHttpResponseCodec.java:133)
at org.openqa.selenium.remote.codec.w3c.W3CHttpResponseCodec.decode(W3CHttpResponseCodec.java:53)
at org.openqa.selenium.remote.HttpCommandExecutor.execute(HttpCommandExecutor.java:184)
at org.openqa.selenium.remote.service.DriverCommandExecutor.invokeExecute(DriverCommandExecutor.java:167)
at org.openqa.selenium.remote.service.DriverCommandExecutor.execute(DriverCommandExecutor.java:142)
at org.openqa.selenium.remote.RemoteWebDriver.execute(RemoteWebDriver.java:569)
at org.openqa.selenium.remote.RemoteWebDriver.get(RemoteWebDriver.java:332)
at maven_ajio.TestNGclass1.createPOMObjects(TestNGclass1.java:85)
at java.base/jdk.internal.reflect.DirectMethodHandleAccessor.invoke(DirectMethodHandleAccessor.java:104)
at java.base/java.lang.reflect.Method.invoke(Method.java:577)
at org.testng.internal.MethodInvocationHelper.invokeMethod(MethodInvocationHelper.java:133)
at org.testng.internal.MethodInvocationHelper.invokeMethodConsideringTimeout(MethodInvocationHelper.java:62)
at org.testng.internal.ConfigInvoker.invokeConfigurationMethod(ConfigInvoker.java:385)
at org.testng.internal.ConfigInvoker.invokeConfigurations(ConfigInvoker.java:321)
at org.testng.internal.TestMethodWorker.invokeBeforeClassMethods(TestMethodWorker.java:176)
at org.testng.internal.TestMethodWorker.run(TestMethodWorker.java:122)
at java.base/java.util.ArrayList.forEach(ArrayList.java:1511)
at org.testng.TestRunner.privateRun(TestRunner.java:794)
at org.testng.TestRunner.run(TestRunner.java:596)
at org.testng.SuiteRunner.runTest(SuiteRunner.java:377)
at org.testng.SuiteRunner.access$000(SuiteRunner.java:28)
at org.testng.SuiteRunner$SuiteWorker.run(SuiteRunner.java:418)
at org.testng.internal.thread.ThreadUtil.lambda$execute$0(ThreadUtil.java:64)
at java.base/java.util.concurrent.FutureTask.run(FutureTask.java:264)
at java.base/java.util.concurrent.ThreadPoolExecutor.runWorker(ThreadPoolExecutor.java:1136)
at java.base/java.util.concurrent.ThreadPoolExecutor$Worker.run(ThreadPoolExecutor.java:635)
at java.base/java.lang.Thread.run(Thread.java:833)
]]>
    </error>
  </testcase> <!-- createPOMObjects -->
  <system-out/>
  <testcase classname="maven_ajio.TestNGclass1" name="launchBrowser" time="0.105">
    <error message="&#039;org.openqa.selenium.chrome.ChromeOptions org.openqa.selenium.chrome.ChromeOptions.addArguments(java.lang.String[])&#039;" type="java.lang.NoSuchMethodError">
      <![CDATA[java.lang.NoSuchMethodError: 'org.openqa.selenium.chrome.ChromeOptions org.openqa.selenium.chrome.ChromeOptions.addArguments(java.lang.String[])'
at maven_ajio_base.BaseClass.openChromeBrowser(BaseClass.java:14)
at maven_ajio.TestNGclass1.launchBrowser(TestNGclass1.java:63)
at java.base/jdk.internal.reflect.DirectMethodHandleAccessor.invoke(DirectMethodHandleAccessor.java:104)
at java.base/java.lang.reflect.Method.invoke(Method.java:577)
at org.testng.internal.MethodInvocationHelper.invokeMethod(MethodInvocationHelper.java:133)
at org.testng.internal.MethodInvocationHelper.invokeMethodConsideringTimeout(MethodInvocationHelper.java:62)
at org.testng.internal.ConfigInvoker.invokeConfigurationMethod(ConfigInvoker.java:385)
at org.testng.internal.ConfigInvoker.invokeConfigurations(ConfigInvoker.java:321)
at org.testng.TestRunner.invokeTestConfigurations(TestRunner.java:637)
at org.testng.TestRunner.beforeRun(TestRunner.java:627)
at org.testng.TestRunner.run(TestRunner.java:589)
at org.testng.SuiteRunner.runTest(SuiteRunner.java:377)
at org.testng.SuiteRunner.access$000(SuiteRunner.java:28)
at org.testng.SuiteRunner$SuiteWorker.run(SuiteRunner.java:418)
at org.testng.internal.thread.ThreadUtil.lambda$execute$0(ThreadUtil.java:64)
at java.base/java.util.concurrent.FutureTask.run(FutureTask.java:264)
at java.base/java.util.concurrent.ThreadPoolExecutor.runWorker(ThreadPoolExecutor.java:1136)
at java.base/java.util.concurrent.ThreadPoolExecutor$Worker.run(ThreadPoolExecutor.java:635)
at java.base/java.lang.Thread.run(Thread.java:833)
]]>
    </error>
  </testcase> <!-- launchBrowser -->
  <system-out/>
  <testcase classname="maven_ajio.TestNGclass1" name="test1AjioHomePage" time="0.001">
    <skipped/>
  </testcase> <!-- test1AjioHomePage -->
  <system-out/>
  <testcase classname="maven_ajio.TestNGclass1" name="test1AjioHomePage" time="0.000">
    <skipped/>
  </testcase> <!-- test1AjioHomePage -->
  <system-out/>
  <testcase classname="maven_ajio.TestNGclass1" name="hoverToMen" time="0.000">
    <skipped/>
  </testcase> <!-- hoverToMen -->
  <system-out/>
  <testcase classname="maven_ajio.TestNGclass1" name="hoverToMen" time="0.000">
    <skipped/>
  </testcase> <!-- hoverToMen -->
  <system-out/>
  <testcase classname="maven_ajio.TestNGclass1" name="selectProductsWithFilters" time="0.000">
    <skipped/>
  </testcase> <!-- selectProductsWithFilters -->
  <system-out/>
  <testcase classname="maven_ajio.TestNGclass1" name="selectProductsWithFilters" time="0.000">
    <skipped/>
  </testcase> <!-- selectProductsWithFilters -->
  <system-out/>
  <testcase classname="maven_ajio.TestNGclass1" name="openProductListingPage" time="0.000">
    <skipped/>
  </testcase> <!-- openProductListingPage -->
  <system-out/>
  <testcase classname="maven_ajio.TestNGclass1" name="openProductListingPage" time="0.000">
    <skipped/>
  </testcase> <!-- openProductListingPage -->
  <system-out/>
  <testcase classname="maven_ajio.TestNGclass1" name="enterPincode" time="0.000">
    <skipped/>
  </testcase> <!-- enterPincode -->
  <system-out/>
  <testcase classname="maven_ajio.TestNGclass1" name="enterPincode" time="0.000">
    <skipped/>
  </testcase> <!-- enterPincode -->
  <system-out/>
  <testcase classname="maven_ajio.TestNGclass1" name="gotTOBag" time="0.000">
    <skipped/>
  </testcase> <!-- gotTOBag -->
  <system-out/>
  <testcase classname="maven_ajio.TestNGclass1" name="gotTOBag" time="0.000">
    <skipped/>
  </testcase> <!-- gotTOBag -->
  <system-out/>
  <testcase classname="maven_ajio.TestNGclass1" name="loginWithFb">
    <skipped/>
  </testcase> <!-- loginWithFb -->
  <system-out/>
  <testcase classname="maven_ajio.TestNGclass1" name="loginWithFb">
    <skipped/>
  </testcase> <!-- loginWithFb -->
  <system-out/>
</testsuite> <!-- maven_ajio.TestNGclass1 -->
